==============================================================================
Tests                                                                         
==============================================================================
Tests.Suite3 :: My First Test suite for Robot framework This is Conitnued d...
==============================================================================
First TC                                                              0
2
4
6
8
| PASS |
------------------------------------------------------------------------------
Second test Cases                                                     | SKIP |
Test skipped using 'robot:skip' tag.
------------------------------------------------------------------------------
Third Test Cases                                                      Food
Car
House
School
Community
| PASS |
------------------------------------------------------------------------------
Fourth TC                                                             1
2
3
4
5
6
| PASS |
------------------------------------------------------------------------------
Fifth TC Timer                                                        10
9
8
7
6
5
4
3
2
1
| PASS |
------------------------------------------------------------------------------
Tests.Suite3 :: My First Test suite for Robot framework This is Co... | PASS |
5 tests, 4 passed, 0 failed, 1 skipped
==============================================================================
Tests                                                                 | PASS |
5 tests, 4 passed, 0 failed, 1 skipped
==============================================================================
Output:  /Users/prathameshpatil/Desktop/Test folder/RobotFramework/pabot_results/2/output.xml
